2024-03-25 04:22:16,830 DEBUG [root]: found "175" html file(s)
2024-03-25 04:22:16,834 DEBUG [root]: removing '<link href="stylesheet.css" rel="stylesheet" title="Style" type="text/css"/>' (../public/stylesheet.css) -> failed to open file!
2024-03-25 04:22:16,990 DEBUG [root]: Overview, Code documentation for <a href=
2024-03-25 04:22:16,995 DEBUG [root]: Overview, Code documentation for <a href=,
2024-03-25 04:22:35,044 DEBUG [root]: found 5 css files
2024-03-25 04:22:35,044 DEBUG [root]: found 15 js files
2024-03-25 04:22:35,044 DEBUG [root]: found 177 html files
2024-03-25 04:22:35,161 DEBUG [root]: processing '../public/javadoc-styles.css' ...
2024-03-25 04:22:35,267 DEBUG [root]: failed to find 'a[name]' in html and js files
2024-03-25 04:22:35,277 DEBUG [root]: failed to find 'a[name]' in html and js files
2024-03-25 04:22:35,294 DEBUG [root]: failed to find 'dt code' in html and js files
2024-03-25 04:22:35,299 DEBUG [root]: failed to find 'table tr td dt code' in html and js files
2024-03-25 04:22:35,303 DEBUG [root]: failed to find 'table tr td dl' in html and js files
2024-03-25 04:22:35,308 DEBUG [root]: failed to find 'table tr td dl dt' in html and js files
2024-03-25 04:22:35,312 DEBUG [root]: failed to find 'table tr td dl dd' in html and js files
2024-03-25 04:22:35,333 DEBUG [root]: failed to find '.bar a' in html and js files
2024-03-25 04:22:35,342 DEBUG [root]: failed to find '.bar a' in html and js files
2024-03-25 04:22:35,351 DEBUG [root]: failed to find '.bar a' in html and js files
2024-03-25 04:22:35,359 DEBUG [root]: failed to find '.bar a' in html and js files
2024-03-25 04:22:35,368 DEBUG [root]: failed to find '.bar a' in html and js files
2024-03-25 04:22:35,377 DEBUG [root]: failed to find '.bar a' in html and js files
2024-03-25 04:22:35,396 DEBUG [root]: failed to find '.footer' in html and js files
2024-03-25 04:22:35,405 DEBUG [root]: failed to find '.footer ul' in html and js files
2024-03-25 04:22:35,414 DEBUG [root]: failed to find '.footer ul li' in html and js files
2024-03-25 04:22:35,422 DEBUG [root]: failed to find '.indexHeader' in html and js files
2024-03-25 04:22:35,430 DEBUG [root]: failed to find '.indexHeader h1' in html and js files
2024-03-25 04:22:35,438 DEBUG [root]: failed to find 'div.details ul.blocklist ul.blocklist ul.blocklist li.blocklist h4' in html and js files
2024-03-25 04:22:35,444 DEBUG [root]: failed to find 'div.details ul.blocklist ul.blocklist ul.blockListLast li.blocklist h4' in html and js files
2024-03-25 04:22:35,453 DEBUG [root]: failed to find 'ul.blockList ul.blocklist ul.blocklist li.blocklist' in html and js files
2024-03-25 04:22:35,462 DEBUG [root]: failed to find 'ul.blockList ul.blocklist ul.blocklist li.blocklist h3' in html and js files
2024-03-25 04:22:35,470 DEBUG [root]: failed to find 'ul.blockList ul.blocklist ul.blocklist ul.blockList li.blocklist' in html and js files
2024-03-25 04:22:35,478 DEBUG [root]: failed to find 'ul.blockList ul.blocklist ul.blocklist ul.blockList li.blockListLast' in html and js files
2024-03-25 04:22:35,487 DEBUG [root]: failed to find 'ul.blockList ul.blocklist li.blockList' in html and js files
2024-03-25 04:22:35,496 DEBUG [root]: failed to find 'ul.blockList ul.blocklist li.blockList h3' in html and js files
2024-03-25 04:22:35,504 DEBUG [root]: failed to find 'ul.blockList ul.blocklist li.blockList table' in html and js files
2024-03-25 04:22:35,513 DEBUG [root]: failed to find 'ul.blockList ul.blocklist ul.blockListLast li.blocklist' in html and js files
2024-03-25 04:22:35,522 DEBUG [root]: failed to find 'ul.blockList ul.blockListLast li.blocklist' in html and js files
2024-03-25 04:22:35,530 DEBUG [root]: failed to find '.classUseContainer' in html and js files
2024-03-25 04:22:35,539 DEBUG [root]: failed to find '.indexContainer h2' in html and js files
2024-03-25 04:22:35,551 DEBUG [root]: failed to find '.contentContainer .description table' in html and js files
2024-03-25 04:22:35,561 DEBUG [root]: failed to find '.contentContainer .details table' in html and js files
2024-03-25 04:22:35,575 DEBUG [root]: failed to find 'ul.blockListLast li.blocklist' in html and js files
2024-03-25 04:22:35,583 DEBUG [root]: failed to find '.classUseContainer table' in html and js files
2024-03-25 04:22:35,591 DEBUG [root]: failed to find '.classUseContainer ul li table' in html and js files
2024-03-25 04:22:35,602 DEBUG [root]: failed to find '.classUseContainer ul li table td' in html and js files
2024-03-25 04:22:35,609 DEBUG [root]: failed to find '.classUseContainer ul li table th' in html and js files
2024-03-25 04:22:35,619 DEBUG [root]: failed to find '.classUseContainer ul li table td.colLast' in html and js files
2024-03-25 04:22:35,626 DEBUG [root]: failed to find '.classUseContainer ul li table td.colOne' in html and js files
2024-03-25 04:22:35,633 DEBUG [root]: failed to find '.classUseContainer ul li table th.colLast' in html and js files
2024-03-25 04:22:35,641 DEBUG [root]: failed to find '.classUseContainer ul li table th.colOne' in html and js files
2024-03-25 04:22:35,650 DEBUG [root]: failed to find '.classUseContainer caption' in html and js files
2024-03-25 04:22:35,660 DEBUG [root]: failed to find '.classUseContainer caption span' in html and js files
2024-03-25 04:22:35,669 DEBUG [root]: failed to find '.classUseContainer .tabEnd' in html and js files
2024-03-25 04:22:35,678 DEBUG [root]: failed to find '.tableSubHeadingColor' in html and js files
2024-03-25 04:22:35,690 DEBUG [root]: failed to find '.classUseContainer td' in html and js files
2024-03-25 04:22:35,703 DEBUG [root]: failed to find 'td.colSecond' in html and js files
2024-03-25 04:22:35,711 DEBUG [root]: failed to find 'td.colOne' in html and js files
2024-03-25 04:22:35,718 DEBUG [root]: failed to find 'th.colOne' in html and js files
2024-03-25 04:22:35,723 DEBUG [root]: failed to find 'table.overviewSummary th.colfirst' in html and js files
2024-03-25 04:22:35,727 DEBUG [root]: failed to find 'table.overviewSummary td.colFirst' in html and js files
2024-03-25 04:22:35,732 DEBUG [root]: failed to find 'table.overviewSummary td.colOne' in html and js files
2024-03-25 04:22:35,737 DEBUG [root]: failed to find 'table.packageSummary td.colfirst' in html and js files
2024-03-25 04:22:35,746 DEBUG [root]: failed to find '.deprecatedContent' in html and js files
2024-03-25 04:22:35,753 DEBUG [root]: failed to find '.docSummary' in html and js files
2024-03-25 04:22:35,761 DEBUG [root]: failed to find '.sourceLineNo' in html and js files
2024-03-25 04:22:35,765 DEBUG [root]: failed to find 'h1.hidden' in html and js files
2024-03-25 04:22:35,811 DEBUG [root]: processing '../public/jquery/jquery-ui.css' ...
2024-03-25 04:22:35,917 DEBUG [root]: failed to find '.ui-helper-reset' in html and js files
2024-03-25 04:22:35,925 DEBUG [root]: failed to find '.ui-helper-clearfix' in html and js files
2024-03-25 04:22:35,932 DEBUG [root]: failed to find '.ui-helper-clearfix' in html and js files
2024-03-25 04:22:35,940 DEBUG [root]: failed to find '.ui-helper-clearfix' in html and js files
2024-03-25 04:22:35,948 DEBUG [root]: failed to find '.ui-helper-zfix' in html and js files
2024-03-25 04:22:35,978 DEBUG [root]: failed to find '.ui-widget-icon-block' in html and js files
2024-03-25 04:22:35,986 DEBUG [root]: failed to find '.ui-widget-overlay' in html and js files
2024-03-25 04:22:36,009 DEBUG [root]: failed to find '.ui-menu .ui-menu' in html and js files
2024-03-25 04:22:36,018 DEBUG [root]: failed to find '.ui-menu .ui-menu-item' in html and js files
2024-03-25 04:22:36,026 DEBUG [root]: failed to find '.ui-menu .ui-menu-item-wrapper' in html and js files
2024-03-25 04:22:36,034 DEBUG [root]: failed to find '.ui-menu .ui-menu-divider' in html and js files
2024-03-25 04:22:36,043 DEBUG [root]: failed to find '.ui-menu .ui-state-focus' in html and js files
2024-03-25 04:22:36,052 DEBUG [root]: failed to find '.ui-menu .ui-state-active' in html and js files
2024-03-25 04:22:36,067 DEBUG [root]: failed to find '.ui-menu-icons .ui-menu-item-wrapper' in html and js files
2024-03-25 04:22:36,075 DEBUG [root]: failed to find '.ui-menu .ui-icon' in html and js files
2024-03-25 04:22:36,084 DEBUG [root]: failed to find '.ui-menu .ui-menu-icon' in html and js files
2024-03-25 04:22:36,099 DEBUG [root]: failed to find '.ui-widget .ui-widget' in html and js files
2024-03-25 04:22:36,108 DEBUG [root]: failed to find '.ui-widget input' in html and js files
2024-03-25 04:22:36,116 DEBUG [root]: failed to find '.ui-widget select' in html and js files
2024-03-25 04:22:36,124 DEBUG [root]: failed to find '.ui-widget textarea' in html and js files
2024-03-25 04:22:36,133 DEBUG [root]: failed to find '.ui-widget button' in html and js files
2024-03-25 04:22:36,141 DEBUG [root]: failed to find '.ui-widget.ui-widget-content' in html and js files
2024-03-25 04:22:36,155 DEBUG [root]: failed to find '.ui-widget-content a' in html and js files
2024-03-25 04:22:36,163 DEBUG [root]: failed to find '.ui-widget-header' in html and js files
2024-03-25 04:22:36,171 DEBUG [root]: failed to find '.ui-widget-header a' in html and js files
2024-03-25 04:22:36,179 DEBUG [root]: failed to find '.ui-state-default' in html and js files
2024-03-25 04:22:36,187 DEBUG [root]: failed to find '.ui-widget-content .ui-state-default' in html and js files
2024-03-25 04:22:36,194 DEBUG [root]: failed to find '.ui-widget-header .ui-state-default' in html and js files
2024-03-25 04:22:36,202 DEBUG [root]: failed to find '.ui-button' in html and js files
2024-03-25 04:22:36,210 DEBUG [root]: failed to find '/* We use html here because we need a greater specificity to make sure disabled
works properly when clicked or hovered */html .ui-button.ui-state-disabled' in html and js files
2024-03-25 04:22:36,218 DEBUG [root]: failed to find 'html .ui-button.ui-state-disabled' in html and js files
2024-03-25 04:22:36,226 DEBUG [root]: failed to find '.ui-state-default a' in html and js files
2024-03-25 04:22:36,234 DEBUG [root]: failed to find '.ui-state-default a' in html and js files
2024-03-25 04:22:36,241 DEBUG [root]: failed to find '.ui-state-default a' in html and js files
2024-03-25 04:22:36,250 DEBUG [root]: failed to find 'a.ui-button' in html and js files
2024-03-25 04:22:36,266 DEBUG [root]: failed to find '.ui-state-hover a' in html and js files
2024-03-25 04:22:36,274 DEBUG [root]: failed to find '.ui-state-hover a' in html and js files
2024-03-25 04:22:36,281 DEBUG [root]: failed to find '.ui-state-hover a' in html and js files
2024-03-25 04:22:36,289 DEBUG [root]: failed to find '.ui-state-hover a' in html and js files
2024-03-25 04:22:36,297 DEBUG [root]: failed to find '.ui-state-focus a' in html and js files
2024-03-25 04:22:36,305 DEBUG [root]: failed to find '.ui-state-focus a' in html and js files
2024-03-25 04:22:36,312 DEBUG [root]: failed to find '.ui-state-focus a' in html and js files
2024-03-25 04:22:36,320 DEBUG [root]: failed to find '.ui-state-focus a' in html and js files
2024-03-25 04:22:36,328 DEBUG [root]: failed to find 'a.ui-button' in html and js files
2024-03-25 04:22:36,337 DEBUG [root]: failed to find 'a.ui-button' in html and js files
2024-03-25 04:22:36,344 DEBUG [root]: failed to find '.ui-visual-focus' in html and js files
2024-03-25 04:22:36,359 DEBUG [root]: failed to find '.ui-icon-background' in html and js files
2024-03-25 04:22:36,366 DEBUG [root]: failed to find '.ui-state-active .ui-icon-background' in html and js files
2024-03-25 04:22:36,374 DEBUG [root]: failed to find '.ui-state-active a' in html and js files
2024-03-25 04:22:36,382 DEBUG [root]: failed to find '.ui-state-active a' in html and js files
2024-03-25 04:22:36,389 DEBUG [root]: failed to find '.ui-state-active a' in html and js files
2024-03-25 04:22:36,397 DEBUG [root]: failed to find '.ui-state-highlight' in html and js files
2024-03-25 04:22:36,405 DEBUG [root]: failed to find '.ui-widget-content .ui-state-highlight' in html and js files
2024-03-25 04:22:36,412 DEBUG [root]: failed to find '.ui-widget-header .ui-state-highlight' in html and js files
2024-03-25 04:22:36,419 DEBUG [root]: failed to find '.ui-state-checked' in html and js files
2024-03-25 04:22:36,427 DEBUG [root]: failed to find '.ui-state-highlight a' in html and js files
2024-03-25 04:22:36,435 DEBUG [root]: failed to find '.ui-widget-content .ui-state-highlight a' in html and js files
2024-03-25 04:22:36,442 DEBUG [root]: failed to find '.ui-widget-header .ui-state-highlight a' in html and js files
2024-03-25 04:22:36,450 DEBUG [root]: failed to find '.ui-state-error' in html and js files
2024-03-25 04:22:36,458 DEBUG [root]: failed to find '.ui-widget-content .ui-state-error' in html and js files
2024-03-25 04:22:36,465 DEBUG [root]: failed to find '.ui-widget-header .ui-state-error' in html and js files
2024-03-25 04:22:36,473 DEBUG [root]: failed to find '.ui-state-error a' in html and js files
2024-03-25 04:22:36,482 DEBUG [root]: failed to find '.ui-widget-content .ui-state-error a' in html and js files
2024-03-25 04:22:36,490 DEBUG [root]: failed to find '.ui-widget-header .ui-state-error a' in html and js files
2024-03-25 04:22:36,499 DEBUG [root]: failed to find '.ui-state-error-text' in html and js files
2024-03-25 04:22:36,507 DEBUG [root]: failed to find '.ui-widget-content .ui-state-error-text' in html and js files
2024-03-25 04:22:36,515 DEBUG [root]: failed to find '.ui-widget-header .ui-state-error-text' in html and js files
2024-03-25 04:22:36,523 DEBUG [root]: failed to find '.ui-priority-primary' in html and js files
2024-03-25 04:22:36,531 DEBUG [root]: failed to find '.ui-widget-content .ui-priority-primary' in html and js files
2024-03-25 04:22:36,538 DEBUG [root]: failed to find '.ui-widget-header .ui-priority-primary' in html and js files
2024-03-25 04:22:36,547 DEBUG [root]: failed to find '.ui-priority-secondary' in html and js files
2024-03-25 04:22:36,554 DEBUG [root]: failed to find '.ui-widget-content .ui-priority-secondary' in html and js files
2024-03-25 04:22:36,562 DEBUG [root]: failed to find '.ui-widget-header .ui-priority-secondary' in html and js files
2024-03-25 04:22:36,577 DEBUG [root]: failed to find '.ui-state-disabled .ui-icon' in html and js files
2024-03-25 04:22:36,600 DEBUG [root]: failed to find '.ui-widget-header .ui-icon' in html and js files
2024-03-25 04:22:36,609 DEBUG [root]: failed to find '.ui-state-hover .ui-icon' in html and js files
2024-03-25 04:22:36,617 DEBUG [root]: failed to find '.ui-state-focus .ui-icon' in html and js files
2024-03-25 04:22:36,626 DEBUG [root]: failed to find '.ui-button' in html and js files
2024-03-25 04:22:36,634 DEBUG [root]: failed to find '.ui-button' in html and js files
2024-03-25 04:22:36,642 DEBUG [root]: failed to find '.ui-state-active .ui-icon' in html and js files
2024-03-25 04:22:36,650 DEBUG [root]: failed to find '.ui-button' in html and js files
2024-03-25 04:22:36,658 DEBUG [root]: failed to find '.ui-state-highlight .ui-icon' in html and js files
2024-03-25 04:22:36,667 DEBUG [root]: failed to find '.ui-button .ui-state-highlight.ui-icon' in html and js files
2024-03-25 04:22:36,675 DEBUG [root]: failed to find '.ui-state-error .ui-icon' in html and js files
2024-03-25 04:22:36,683 DEBUG [root]: failed to find '.ui-state-error-text .ui-icon' in html and js files
2024-03-25 04:22:36,691 DEBUG [root]: failed to find '.ui-button .ui-icon' in html and js files
2024-03-25 04:22:36,699 DEBUG [root]: failed to find '.ui-icon-blank' in html and js files
2024-03-25 04:22:36,707 DEBUG [root]: failed to find '.ui-icon-caret-1-n' in html and js files
2024-03-25 04:22:36,715 DEBUG [root]: failed to find '.ui-icon-caret-1-ne' in html and js files
2024-03-25 04:22:36,730 DEBUG [root]: failed to find '.ui-icon-caret-1-se' in html and js files
2024-03-25 04:22:36,738 DEBUG [root]: failed to find '.ui-icon-caret-1-s' in html and js files
2024-03-25 04:22:36,747 DEBUG [root]: failed to find '.ui-icon-caret-1-sw' in html and js files
2024-03-25 04:22:36,755 DEBUG [root]: failed to find '.ui-icon-caret-1-w' in html and js files
2024-03-25 04:22:36,763 DEBUG [root]: failed to find '.ui-icon-caret-1-nw' in html and js files
2024-03-25 04:22:36,771 DEBUG [root]: failed to find '.ui-icon-caret-2-n-s' in html and js files
2024-03-25 04:22:36,779 DEBUG [root]: failed to find '.ui-icon-caret-2-e-w' in html and js files
2024-03-25 04:22:36,788 DEBUG [root]: failed to find '.ui-icon-triangle-1-n' in html and js files
2024-03-25 04:22:36,796 DEBUG [root]: failed to find '.ui-icon-triangle-1-ne' in html and js files
2024-03-25 04:22:36,804 DEBUG [root]: failed to find '.ui-icon-triangle-1-e' in html and js files
2024-03-25 04:22:36,812 DEBUG [root]: failed to find '.ui-icon-triangle-1-se' in html and js files
2024-03-25 04:22:36,819 DEBUG [root]: failed to find '.ui-icon-triangle-1-s' in html and js files
2024-03-25 04:22:36,826 DEBUG [root]: failed to find '.ui-icon-triangle-1-sw' in html and js files
2024-03-25 04:22:36,833 DEBUG [root]: failed to find '.ui-icon-triangle-1-w' in html and js files
2024-03-25 04:22:36,841 DEBUG [root]: failed to find '.ui-icon-triangle-1-nw' in html and js files
2024-03-25 04:22:36,848 DEBUG [root]: failed to find '.ui-icon-triangle-2-n-s' in html and js files
2024-03-25 04:22:36,855 DEBUG [root]: failed to find '.ui-icon-triangle-2-e-w' in html and js files
2024-03-25 04:22:36,862 DEBUG [root]: failed to find '.ui-icon-arrow-1-n' in html and js files
2024-03-25 04:22:36,869 DEBUG [root]: failed to find '.ui-icon-arrow-1-ne' in html and js files
2024-03-25 04:22:36,876 DEBUG [root]: failed to find '.ui-icon-arrow-1-e' in html and js files
2024-03-25 04:22:36,884 DEBUG [root]: failed to find '.ui-icon-arrow-1-se' in html and js files
2024-03-25 04:22:36,891 DEBUG [root]: failed to find '.ui-icon-arrow-1-s' in html and js files
2024-03-25 04:22:36,898 DEBUG [root]: failed to find '.ui-icon-arrow-1-sw' in html and js files
2024-03-25 04:22:36,906 DEBUG [root]: failed to find '.ui-icon-arrow-1-w' in html and js files
2024-03-25 04:22:36,913 DEBUG [root]: failed to find '.ui-icon-arrow-1-nw' in html and js files
2024-03-25 04:22:36,920 DEBUG [root]: failed to find '.ui-icon-arrow-2-n-s' in html and js files
2024-03-25 04:22:36,927 DEBUG [root]: failed to find '.ui-icon-arrow-2-ne-sw' in html and js files
2024-03-25 04:22:36,935 DEBUG [root]: failed to find '.ui-icon-arrow-2-e-w' in html and js files
2024-03-25 04:22:36,942 DEBUG [root]: failed to find '.ui-icon-arrow-2-se-nw' in html and js files
2024-03-25 04:22:36,949 DEBUG [root]: failed to find '.ui-icon-arrowstop-1-n' in html and js files
2024-03-25 04:22:36,957 DEBUG [root]: failed to find '.ui-icon-arrowstop-1-e' in html and js files
2024-03-25 04:22:36,964 DEBUG [root]: failed to find '.ui-icon-arrowstop-1-s' in html and js files
2024-03-25 04:22:36,971 DEBUG [root]: failed to find '.ui-icon-arrowstop-1-w' in html and js files
2024-03-25 04:22:36,981 DEBUG [root]: failed to find '.ui-icon-arrowthick-1-n' in html and js files
2024-03-25 04:22:36,988 DEBUG [root]: failed to find '.ui-icon-arrowthick-1-ne' in html and js files
2024-03-25 04:22:36,996 DEBUG [root]: failed to find '.ui-icon-arrowthick-1-e' in html and js files
2024-03-25 04:22:37,004 DEBUG [root]: failed to find '.ui-icon-arrowthick-1-se' in html and js files
2024-03-25 04:22:37,011 DEBUG [root]: failed to find '.ui-icon-arrowthick-1-s' in html and js files
2024-03-25 04:22:37,018 DEBUG [root]: failed to find '.ui-icon-arrowthick-1-sw' in html and js files
2024-03-25 04:22:37,025 DEBUG [root]: failed to find '.ui-icon-arrowthick-1-w' in html and js files
2024-03-25 04:22:37,033 DEBUG [root]: failed to find '.ui-icon-arrowthick-1-nw' in html and js files
2024-03-25 04:22:37,040 DEBUG [root]: failed to find '.ui-icon-arrowthick-2-n-s' in html and js files
2024-03-25 04:22:37,048 DEBUG [root]: failed to find '.ui-icon-arrowthick-2-ne-sw' in html and js files
2024-03-25 04:22:37,055 DEBUG [root]: failed to find '.ui-icon-arrowthick-2-e-w' in html and js files
2024-03-25 04:22:37,062 DEBUG [root]: failed to find '.ui-icon-arrowthick-2-se-nw' in html and js files
2024-03-25 04:22:37,070 DEBUG [root]: failed to find '.ui-icon-arrowthickstop-1-n' in html and js files
2024-03-25 04:22:37,077 DEBUG [root]: failed to find '.ui-icon-arrowthickstop-1-e' in html and js files
2024-03-25 04:22:37,085 DEBUG [root]: failed to find '.ui-icon-arrowthickstop-1-s' in html and js files
2024-03-25 04:22:37,092 DEBUG [root]: failed to find '.ui-icon-arrowthickstop-1-w' in html and js files
2024-03-25 04:22:37,099 DEBUG [root]: failed to find '.ui-icon-arrowreturnthick-1-w' in html and js files
2024-03-25 04:22:37,106 DEBUG [root]: failed to find '.ui-icon-arrowreturnthick-1-n' in html and js files
2024-03-25 04:22:37,113 DEBUG [root]: failed to find '.ui-icon-arrowreturnthick-1-e' in html and js files
2024-03-25 04:22:37,121 DEBUG [root]: failed to find '.ui-icon-arrowreturnthick-1-s' in html and js files
2024-03-25 04:22:37,128 DEBUG [root]: failed to find '.ui-icon-arrowreturn-1-w' in html and js files
2024-03-25 04:22:37,136 DEBUG [root]: failed to find '.ui-icon-arrowreturn-1-n' in html and js files
2024-03-25 04:22:37,143 DEBUG [root]: failed to find '.ui-icon-arrowreturn-1-e' in html and js files
2024-03-25 04:22:37,151 DEBUG [root]: failed to find '.ui-icon-arrowreturn-1-s' in html and js files
2024-03-25 04:22:37,158 DEBUG [root]: failed to find '.ui-icon-arrowrefresh-1-w' in html and js files
2024-03-25 04:22:37,165 DEBUG [root]: failed to find '.ui-icon-arrowrefresh-1-n' in html and js files
2024-03-25 04:22:37,172 DEBUG [root]: failed to find '.ui-icon-arrowrefresh-1-e' in html and js files
2024-03-25 04:22:37,179 DEBUG [root]: failed to find '.ui-icon-arrowrefresh-1-s' in html and js files
2024-03-25 04:22:37,187 DEBUG [root]: failed to find '.ui-icon-arrow-4' in html and js files
2024-03-25 04:22:37,194 DEBUG [root]: failed to find '.ui-icon-arrow-4-diag' in html and js files
2024-03-25 04:22:37,201 DEBUG [root]: failed to find '.ui-icon-extlink' in html and js files
2024-03-25 04:22:37,208 DEBUG [root]: failed to find '.ui-icon-newwin' in html and js files
2024-03-25 04:22:37,216 DEBUG [root]: failed to find '.ui-icon-refresh' in html and js files
2024-03-25 04:22:37,224 DEBUG [root]: failed to find '.ui-icon-shuffle' in html and js files
2024-03-25 04:22:37,231 DEBUG [root]: failed to find '.ui-icon-transfer-e-w' in html and js files
2024-03-25 04:22:37,238 DEBUG [root]: failed to find '.ui-icon-transferthick-e-w' in html and js files
2024-03-25 04:22:37,246 DEBUG [root]: failed to find '.ui-icon-folder-collapsed' in html and js files
2024-03-25 04:22:37,253 DEBUG [root]: failed to find '.ui-icon-folder-open' in html and js files
2024-03-25 04:22:37,260 DEBUG [root]: failed to find '.ui-icon-document' in html and js files
2024-03-25 04:22:37,268 DEBUG [root]: failed to find '.ui-icon-document-b' in html and js files
2024-03-25 04:22:37,275 DEBUG [root]: failed to find '.ui-icon-note' in html and js files
2024-03-25 04:22:37,283 DEBUG [root]: failed to find '.ui-icon-mail-closed' in html and js files
2024-03-25 04:22:37,290 DEBUG [root]: failed to find '.ui-icon-mail-open' in html and js files
2024-03-25 04:22:37,298 DEBUG [root]: failed to find '.ui-icon-suitcase' in html and js files
2024-03-25 04:22:37,305 DEBUG [root]: failed to find '.ui-icon-comment' in html and js files
2024-03-25 04:22:37,313 DEBUG [root]: failed to find '.ui-icon-person' in html and js files
2024-03-25 04:22:37,321 DEBUG [root]: failed to find '.ui-icon-print' in html and js files
2024-03-25 04:22:37,329 DEBUG [root]: failed to find '.ui-icon-trash' in html and js files
2024-03-25 04:22:37,337 DEBUG [root]: failed to find '.ui-icon-locked' in html and js files
2024-03-25 04:22:37,344 DEBUG [root]: failed to find '.ui-icon-unlocked' in html and js files
2024-03-25 04:22:37,351 DEBUG [root]: failed to find '.ui-icon-bookmark' in html and js files
2024-03-25 04:22:37,359 DEBUG [root]: failed to find '.ui-icon-tag' in html and js files
2024-03-25 04:22:37,366 DEBUG [root]: failed to find '.ui-icon-home' in html and js files
2024-03-25 04:22:37,374 DEBUG [root]: failed to find '.ui-icon-flag' in html and js files
2024-03-25 04:22:37,381 DEBUG [root]: failed to find '.ui-icon-calendar' in html and js files
2024-03-25 04:22:37,389 DEBUG [root]: failed to find '.ui-icon-cart' in html and js files
2024-03-25 04:22:37,396 DEBUG [root]: failed to find '.ui-icon-pencil' in html and js files
2024-03-25 04:22:37,403 DEBUG [root]: failed to find '.ui-icon-clock' in html and js files
2024-03-25 04:22:37,411 DEBUG [root]: failed to find '.ui-icon-disk' in html and js files
2024-03-25 04:22:37,418 DEBUG [root]: failed to find '.ui-icon-calculator' in html and js files
2024-03-25 04:22:37,426 DEBUG [root]: failed to find '.ui-icon-zoomin' in html and js files
2024-03-25 04:22:37,434 DEBUG [root]: failed to find '.ui-icon-zoomout' in html and js files
2024-03-25 04:22:37,442 DEBUG [root]: failed to find '.ui-icon-search' in html and js files
2024-03-25 04:22:37,450 DEBUG [root]: failed to find '.ui-icon-wrench' in html and js files
2024-03-25 04:22:37,457 DEBUG [root]: failed to find '.ui-icon-gear' in html and js files
2024-03-25 04:22:37,465 DEBUG [root]: failed to find '.ui-icon-heart' in html and js files
2024-03-25 04:22:37,473 DEBUG [root]: failed to find '.ui-icon-star' in html and js files
2024-03-25 04:22:37,481 DEBUG [root]: failed to find '.ui-icon-link' in html and js files
2024-03-25 04:22:37,489 DEBUG [root]: failed to find '.ui-icon-cancel' in html and js files
2024-03-25 04:22:37,497 DEBUG [root]: failed to find '.ui-icon-plus' in html and js files
2024-03-25 04:22:37,506 DEBUG [root]: failed to find '.ui-icon-plusthick' in html and js files
2024-03-25 04:22:37,514 DEBUG [root]: failed to find '.ui-icon-minus' in html and js files
2024-03-25 04:22:37,521 DEBUG [root]: failed to find '.ui-icon-minusthick' in html and js files
2024-03-25 04:22:37,529 DEBUG [root]: failed to find '.ui-icon-close' in html and js files
2024-03-25 04:22:37,536 DEBUG [root]: failed to find '.ui-icon-closethick' in html and js files
2024-03-25 04:22:37,544 DEBUG [root]: failed to find '.ui-icon-key' in html and js files
2024-03-25 04:22:37,551 DEBUG [root]: failed to find '.ui-icon-lightbulb' in html and js files
2024-03-25 04:22:37,559 DEBUG [root]: failed to find '.ui-icon-scissors' in html and js files
2024-03-25 04:22:37,567 DEBUG [root]: failed to find '.ui-icon-clipboard' in html and js files
2024-03-25 04:22:37,575 DEBUG [root]: failed to find '.ui-icon-copy' in html and js files
2024-03-25 04:22:37,583 DEBUG [root]: failed to find '.ui-icon-contact' in html and js files
2024-03-25 04:22:37,590 DEBUG [root]: failed to find '.ui-icon-image' in html and js files
2024-03-25 04:22:37,598 DEBUG [root]: failed to find '.ui-icon-video' in html and js files
2024-03-25 04:22:37,607 DEBUG [root]: failed to find '.ui-icon-script' in html and js files
2024-03-25 04:22:37,615 DEBUG [root]: failed to find '.ui-icon-alert' in html and js files
2024-03-25 04:22:37,622 DEBUG [root]: failed to find '.ui-icon-info' in html and js files
2024-03-25 04:22:37,630 DEBUG [root]: failed to find '.ui-icon-notice' in html and js files
2024-03-25 04:22:37,638 DEBUG [root]: failed to find '.ui-icon-help' in html and js files
2024-03-25 04:22:37,646 DEBUG [root]: failed to find '.ui-icon-check' in html and js files
2024-03-25 04:22:37,654 DEBUG [root]: failed to find '.ui-icon-bullet' in html and js files
2024-03-25 04:22:37,662 DEBUG [root]: failed to find '.ui-icon-radio-on' in html and js files
2024-03-25 04:22:37,670 DEBUG [root]: failed to find '.ui-icon-radio-off' in html and js files
2024-03-25 04:22:37,677 DEBUG [root]: failed to find '.ui-icon-pin-w' in html and js files
2024-03-25 04:22:37,685 DEBUG [root]: failed to find '.ui-icon-pin-s' in html and js files
2024-03-25 04:22:37,693 DEBUG [root]: failed to find '.ui-icon-play' in html and js files
2024-03-25 04:22:37,701 DEBUG [root]: failed to find '.ui-icon-pause' in html and js files
2024-03-25 04:22:37,708 DEBUG [root]: failed to find '.ui-icon-seek-next' in html and js files
2024-03-25 04:22:37,716 DEBUG [root]: failed to find '.ui-icon-seek-prev' in html and js files
2024-03-25 04:22:37,723 DEBUG [root]: failed to find '.ui-icon-seek-end' in html and js files
2024-03-25 04:22:37,731 DEBUG [root]: failed to find '.ui-icon-seek-start' in html and js files
2024-03-25 04:22:37,739 DEBUG [root]: failed to find '.ui-icon-seek-first' in html and js files
2024-03-25 04:22:37,747 DEBUG [root]: failed to find '.ui-icon-stop' in html and js files
2024-03-25 04:22:37,755 DEBUG [root]: failed to find '.ui-icon-eject' in html and js files
2024-03-25 04:22:37,763 DEBUG [root]: failed to find '.ui-icon-volume-off' in html and js files
2024-03-25 04:22:37,770 DEBUG [root]: failed to find '.ui-icon-volume-on' in html and js files
2024-03-25 04:22:37,778 DEBUG [root]: failed to find '.ui-icon-power' in html and js files
2024-03-25 04:22:37,785 DEBUG [root]: failed to find '.ui-icon-signal-diag' in html and js files
2024-03-25 04:22:37,792 DEBUG [root]: failed to find '.ui-icon-signal' in html and js files
2024-03-25 04:22:37,799 DEBUG [root]: failed to find '.ui-icon-battery-0' in html and js files
2024-03-25 04:22:37,806 DEBUG [root]: failed to find '.ui-icon-battery-1' in html and js files
2024-03-25 04:22:37,814 DEBUG [root]: failed to find '.ui-icon-battery-2' in html and js files
2024-03-25 04:22:37,821 DEBUG [root]: failed to find '.ui-icon-battery-3' in html and js files
2024-03-25 04:22:37,828 DEBUG [root]: failed to find '.ui-icon-circle-plus' in html and js files
2024-03-25 04:22:37,836 DEBUG [root]: failed to find '.ui-icon-circle-minus' in html and js files
2024-03-25 04:22:37,843 DEBUG [root]: failed to find '.ui-icon-circle-close' in html and js files
2024-03-25 04:22:37,851 DEBUG [root]: failed to find '.ui-icon-circle-triangle-e' in html and js files
2024-03-25 04:22:37,858 DEBUG [root]: failed to find '.ui-icon-circle-triangle-s' in html and js files
2024-03-25 04:22:37,865 DEBUG [root]: failed to find '.ui-icon-circle-triangle-w' in html and js files
2024-03-25 04:22:37,873 DEBUG [root]: failed to find '.ui-icon-circle-triangle-n' in html and js files
2024-03-25 04:22:37,880 DEBUG [root]: failed to find '.ui-icon-circle-arrow-e' in html and js files
2024-03-25 04:22:37,887 DEBUG [root]: failed to find '.ui-icon-circle-arrow-s' in html and js files
2024-03-25 04:22:37,894 DEBUG [root]: failed to find '.ui-icon-circle-arrow-w' in html and js files
2024-03-25 04:22:37,901 DEBUG [root]: failed to find '.ui-icon-circle-arrow-n' in html and js files
2024-03-25 04:22:37,908 DEBUG [root]: failed to find '.ui-icon-circle-zoomin' in html and js files
2024-03-25 04:22:37,916 DEBUG [root]: failed to find '.ui-icon-circle-zoomout' in html and js files
2024-03-25 04:22:37,923 DEBUG [root]: failed to find '.ui-icon-circle-check' in html and js files
2024-03-25 04:22:37,930 DEBUG [root]: failed to find '.ui-icon-circlesmall-plus' in html and js files
2024-03-25 04:22:37,937 DEBUG [root]: failed to find '.ui-icon-circlesmall-minus' in html and js files
2024-03-25 04:22:37,944 DEBUG [root]: failed to find '.ui-icon-circlesmall-close' in html and js files
2024-03-25 04:22:37,951 DEBUG [root]: failed to find '.ui-icon-squaresmall-plus' in html and js files
2024-03-25 04:22:37,958 DEBUG [root]: failed to find '.ui-icon-squaresmall-minus' in html and js files
2024-03-25 04:22:37,965 DEBUG [root]: failed to find '.ui-icon-squaresmall-close' in html and js files
2024-03-25 04:22:37,972 DEBUG [root]: failed to find '.ui-icon-grip-dotted-vertical' in html and js files
2024-03-25 04:22:37,979 DEBUG [root]: failed to find '.ui-icon-grip-dotted-horizontal' in html and js files
2024-03-25 04:22:37,987 DEBUG [root]: failed to find '.ui-icon-grip-solid-vertical' in html and js files
2024-03-25 04:22:37,993 DEBUG [root]: failed to find '.ui-icon-grip-solid-horizontal' in html and js files
2024-03-25 04:22:38,001 DEBUG [root]: failed to find '.ui-icon-gripsmall-diagonal-se' in html and js files
2024-03-25 04:22:38,008 DEBUG [root]: failed to find '.ui-icon-grip-diagonal-se' in html and js files
2024-03-25 04:22:38,016 DEBUG [root]: failed to find '.ui-corner-all' in html and js files
2024-03-25 04:22:38,024 DEBUG [root]: failed to find '.ui-corner-top' in html and js files
2024-03-25 04:22:38,031 DEBUG [root]: failed to find '.ui-corner-left' in html and js files
2024-03-25 04:22:38,039 DEBUG [root]: failed to find '.ui-corner-tl' in html and js files
2024-03-25 04:22:38,047 DEBUG [root]: failed to find '.ui-corner-all' in html and js files
2024-03-25 04:22:38,054 DEBUG [root]: failed to find '.ui-corner-top' in html and js files
2024-03-25 04:22:38,061 DEBUG [root]: failed to find '.ui-corner-right' in html and js files
2024-03-25 04:22:38,069 DEBUG [root]: failed to find '.ui-corner-tr' in html and js files
2024-03-25 04:22:38,077 DEBUG [root]: failed to find '.ui-corner-all' in html and js files
2024-03-25 04:22:38,084 DEBUG [root]: failed to find '.ui-corner-bottom' in html and js files
2024-03-25 04:22:38,092 DEBUG [root]: failed to find '.ui-corner-left' in html and js files
2024-03-25 04:22:38,100 DEBUG [root]: failed to find '.ui-corner-bl' in html and js files
2024-03-25 04:22:38,108 DEBUG [root]: failed to find '.ui-corner-all' in html and js files
2024-03-25 04:22:38,116 DEBUG [root]: failed to find '.ui-corner-bottom' in html and js files
2024-03-25 04:22:38,124 DEBUG [root]: failed to find '.ui-corner-right' in html and js files
2024-03-25 04:22:38,132 DEBUG [root]: failed to find '.ui-corner-br' in html and js files
2024-03-25 04:22:38,140 DEBUG [root]: failed to find '.ui-widget-overlay' in html and js files
2024-03-25 04:22:38,148 DEBUG [root]: failed to find '.ui-widget-shadow' in html and js files
2024-03-25 04:22:38,176 DEBUG [root]: processing '../public/jquery/jquery-ui.structure.min.css' ...
2024-03-25 04:22:38,210 DEBUG [root]: failed to find '.ui-helper-reset' in html and js files
2024-03-25 04:22:38,218 DEBUG [root]: failed to find '.ui-helper-clearfix' in html and js files
2024-03-25 04:22:38,225 DEBUG [root]: failed to find '.ui-helper-clearfix' in html and js files
2024-03-25 04:22:38,233 DEBUG [root]: failed to find '.ui-helper-clearfix' in html and js files
2024-03-25 04:22:38,241 DEBUG [root]: failed to find '.ui-helper-zfix' in html and js files
2024-03-25 04:22:38,270 DEBUG [root]: failed to find '.ui-widget-icon-block' in html and js files
2024-03-25 04:22:38,277 DEBUG [root]: failed to find '.ui-widget-overlay' in html and js files
2024-03-25 04:22:38,299 DEBUG [root]: failed to find '.ui-menu .ui-menu' in html and js files
2024-03-25 04:22:38,307 DEBUG [root]: failed to find '.ui-menu .ui-menu-item' in html and js files
2024-03-25 04:22:38,315 DEBUG [root]: failed to find '.ui-menu .ui-menu-item-wrapper' in html and js files
2024-03-25 04:22:38,324 DEBUG [root]: failed to find '.ui-menu .ui-menu-divider' in html and js files
2024-03-25 04:22:38,332 DEBUG [root]: failed to find '.ui-menu .ui-state-focus' in html and js files
2024-03-25 04:22:38,340 DEBUG [root]: failed to find '.ui-menu .ui-state-active' in html and js files
2024-03-25 04:22:38,355 DEBUG [root]: failed to find '.ui-menu-icons .ui-menu-item-wrapper' in html and js files
2024-03-25 04:22:38,363 DEBUG [root]: failed to find '.ui-menu .ui-icon' in html and js files
2024-03-25 04:22:38,371 DEBUG [root]: failed to find '.ui-menu .ui-menu-icon' in html and js files
2024-03-25 04:22:38,374 DEBUG [root]: processing '../public/jquery/jquery-ui.min.css' ...
2024-03-25 04:22:38,490 DEBUG [root]: failed to find '.ui-helper-reset' in html and js files
2024-03-25 04:22:38,499 DEBUG [root]: failed to find '.ui-helper-clearfix' in html and js files
2024-03-25 04:22:38,507 DEBUG [root]: failed to find '.ui-helper-clearfix' in html and js files
2024-03-25 04:22:38,515 DEBUG [root]: failed to find '.ui-helper-clearfix' in html and js files
2024-03-25 04:22:38,524 DEBUG [root]: failed to find '.ui-helper-zfix' in html and js files
2024-03-25 04:22:38,556 DEBUG [root]: failed to find '.ui-widget-icon-block' in html and js files
2024-03-25 04:22:38,564 DEBUG [root]: failed to find '.ui-widget-overlay' in html and js files
2024-03-25 04:22:38,587 DEBUG [root]: failed to find '.ui-menu .ui-menu' in html and js files
2024-03-25 04:22:38,595 DEBUG [root]: failed to find '.ui-menu .ui-menu-item' in html and js files
2024-03-25 04:22:38,603 DEBUG [root]: failed to find '.ui-menu .ui-menu-item-wrapper' in html and js files
2024-03-25 04:22:38,612 DEBUG [root]: failed to find '.ui-menu .ui-menu-divider' in html and js files
2024-03-25 04:22:38,620 DEBUG [root]: failed to find '.ui-menu .ui-state-focus' in html and js files
2024-03-25 04:22:38,630 DEBUG [root]: failed to find '.ui-menu .ui-state-active' in html and js files
2024-03-25 04:22:38,645 DEBUG [root]: failed to find '.ui-menu-icons .ui-menu-item-wrapper' in html and js files
2024-03-25 04:22:38,653 DEBUG [root]: failed to find '.ui-menu .ui-icon' in html and js files
2024-03-25 04:22:38,662 DEBUG [root]: failed to find '.ui-menu .ui-menu-icon' in html and js files
2024-03-25 04:22:38,678 DEBUG [root]: failed to find '.ui-widget .ui-widget' in html and js files
2024-03-25 04:22:38,687 DEBUG [root]: failed to find '.ui-widget input' in html and js files
2024-03-25 04:22:38,695 DEBUG [root]: failed to find '.ui-widget select' in html and js files
2024-03-25 04:22:38,703 DEBUG [root]: failed to find '.ui-widget textarea' in html and js files
2024-03-25 04:22:38,711 DEBUG [root]: failed to find '.ui-widget button' in html and js files
2024-03-25 04:22:38,720 DEBUG [root]: failed to find '.ui-widget.ui-widget-content' in html and js files
2024-03-25 04:22:38,735 DEBUG [root]: failed to find '.ui-widget-content a' in html and js files
2024-03-25 04:22:38,742 DEBUG [root]: failed to find '.ui-widget-header' in html and js files
2024-03-25 04:22:38,750 DEBUG [root]: failed to find '.ui-widget-header a' in html and js files
2024-03-25 04:22:38,758 DEBUG [root]: failed to find '.ui-state-default' in html and js files
2024-03-25 04:22:38,766 DEBUG [root]: failed to find '.ui-widget-content .ui-state-default' in html and js files
2024-03-25 04:22:38,773 DEBUG [root]: failed to find '.ui-widget-header .ui-state-default' in html and js files
2024-03-25 04:22:38,782 DEBUG [root]: failed to find '.ui-button' in html and js files
2024-03-25 04:22:38,790 DEBUG [root]: failed to find 'html .ui-button.ui-state-disabled' in html and js files
2024-03-25 04:22:38,798 DEBUG [root]: failed to find 'html .ui-button.ui-state-disabled' in html and js files
2024-03-25 04:22:38,806 DEBUG [root]: failed to find '.ui-state-default a' in html and js files
2024-03-25 04:22:38,814 DEBUG [root]: failed to find '.ui-state-default a' in html and js files
2024-03-25 04:22:38,821 DEBUG [root]: failed to find '.ui-state-default a' in html and js files
2024-03-25 04:22:38,830 DEBUG [root]: failed to find 'a.ui-button' in html and js files
2024-03-25 04:22:38,846 DEBUG [root]: failed to find '.ui-state-hover a' in html and js files
2024-03-25 04:22:38,854 DEBUG [root]: failed to find '.ui-state-hover a' in html and js files
2024-03-25 04:22:38,861 DEBUG [root]: failed to find '.ui-state-hover a' in html and js files
2024-03-25 04:22:38,869 DEBUG [root]: failed to find '.ui-state-hover a' in html and js files
2024-03-25 04:22:38,877 DEBUG [root]: failed to find '.ui-state-focus a' in html and js files
2024-03-25 04:22:38,885 DEBUG [root]: failed to find '.ui-state-focus a' in html and js files
2024-03-25 04:22:38,892 DEBUG [root]: failed to find '.ui-state-focus a' in html and js files
2024-03-25 04:22:38,900 DEBUG [root]: failed to find '.ui-state-focus a' in html and js files
2024-03-25 04:22:38,909 DEBUG [root]: failed to find 'a.ui-button' in html and js files
2024-03-25 04:22:38,917 DEBUG [root]: failed to find 'a.ui-button' in html and js files
2024-03-25 04:22:38,924 DEBUG [root]: failed to find '.ui-visual-focus' in html and js files
2024-03-25 04:22:38,938 DEBUG [root]: failed to find '.ui-icon-background' in html and js files
2024-03-25 04:22:38,946 DEBUG [root]: failed to find '.ui-state-active .ui-icon-background' in html and js files
2024-03-25 04:22:38,954 DEBUG [root]: failed to find '.ui-state-active a' in html and js files
2024-03-25 04:22:38,961 DEBUG [root]: failed to find '.ui-state-active a' in html and js files
2024-03-25 04:22:38,969 DEBUG [root]: failed to find '.ui-state-active a' in html and js files
2024-03-25 04:22:38,977 DEBUG [root]: failed to find '.ui-state-highlight' in html and js files
2024-03-25 04:22:38,984 DEBUG [root]: failed to find '.ui-widget-content .ui-state-highlight' in html and js files
2024-03-25 04:22:38,992 DEBUG [root]: failed to find '.ui-widget-header .ui-state-highlight' in html and js files
2024-03-25 04:22:38,999 DEBUG [root]: failed to find '.ui-state-checked' in html and js files
2024-03-25 04:22:39,008 DEBUG [root]: failed to find '.ui-state-highlight a' in html and js files
2024-03-25 04:22:39,015 DEBUG [root]: failed to find '.ui-widget-content .ui-state-highlight a' in html and js files
2024-03-25 04:22:39,023 DEBUG [root]: failed to find '.ui-widget-header .ui-state-highlight a' in html and js files
2024-03-25 04:22:39,031 DEBUG [root]: failed to find '.ui-state-error' in html and js files
2024-03-25 04:22:39,038 DEBUG [root]: failed to find '.ui-widget-content .ui-state-error' in html and js files
2024-03-25 04:22:39,046 DEBUG [root]: failed to find '.ui-widget-header .ui-state-error' in html and js files
2024-03-25 04:22:39,054 DEBUG [root]: failed to find '.ui-state-error a' in html and js files
2024-03-25 04:22:39,061 DEBUG [root]: failed to find '.ui-widget-content .ui-state-error a' in html and js files
2024-03-25 04:22:39,068 DEBUG [root]: failed to find '.ui-widget-header .ui-state-error a' in html and js files
2024-03-25 04:22:39,076 DEBUG [root]: failed to find '.ui-state-error-text' in html and js files
2024-03-25 04:22:39,083 DEBUG [root]: failed to find '.ui-widget-content .ui-state-error-text' in html and js files
2024-03-25 04:22:39,091 DEBUG [root]: failed to find '.ui-widget-header .ui-state-error-text' in html and js files
2024-03-25 04:22:39,099 DEBUG [root]: failed to find '.ui-priority-primary' in html and js files
2024-03-25 04:22:39,106 DEBUG [root]: failed to find '.ui-widget-content .ui-priority-primary' in html and js files
2024-03-25 04:22:39,114 DEBUG [root]: failed to find '.ui-widget-header .ui-priority-primary' in html and js files
2024-03-25 04:22:39,121 DEBUG [root]: failed to find '.ui-priority-secondary' in html and js files
2024-03-25 04:22:39,129 DEBUG [root]: failed to find '.ui-widget-content .ui-priority-secondary' in html and js files
2024-03-25 04:22:39,136 DEBUG [root]: failed to find '.ui-widget-header .ui-priority-secondary' in html and js files
2024-03-25 04:22:39,151 DEBUG [root]: failed to find '.ui-state-disabled .ui-icon' in html and js files
2024-03-25 04:22:39,174 DEBUG [root]: failed to find '.ui-widget-header .ui-icon' in html and js files
2024-03-25 04:22:39,182 DEBUG [root]: failed to find '.ui-state-hover .ui-icon' in html and js files
2024-03-25 04:22:39,191 DEBUG [root]: failed to find '.ui-state-focus .ui-icon' in html and js files
2024-03-25 04:22:39,200 DEBUG [root]: failed to find '.ui-button' in html and js files
2024-03-25 04:22:39,208 DEBUG [root]: failed to find '.ui-button' in html and js files
2024-03-25 04:22:39,215 DEBUG [root]: failed to find '.ui-state-active .ui-icon' in html and js files
2024-03-25 04:22:39,223 DEBUG [root]: failed to find '.ui-button' in html and js files
2024-03-25 04:22:39,231 DEBUG [root]: failed to find '.ui-state-highlight .ui-icon' in html and js files
2024-03-25 04:22:39,238 DEBUG [root]: failed to find '.ui-button .ui-state-highlight.ui-icon' in html and js files
2024-03-25 04:22:39,246 DEBUG [root]: failed to find '.ui-state-error .ui-icon' in html and js files
2024-03-25 04:22:39,253 DEBUG [root]: failed to find '.ui-state-error-text .ui-icon' in html and js files
2024-03-25 04:22:39,261 DEBUG [root]: failed to find '.ui-button .ui-icon' in html and js files
2024-03-25 04:22:39,269 DEBUG [root]: failed to find '.ui-icon-blank' in html and js files
2024-03-25 04:22:39,276 DEBUG [root]: failed to find '.ui-icon-caret-1-n' in html and js files
2024-03-25 04:22:39,284 DEBUG [root]: failed to find '.ui-icon-caret-1-ne' in html and js files
2024-03-25 04:22:39,298 DEBUG [root]: failed to find '.ui-icon-caret-1-se' in html and js files
2024-03-25 04:22:39,305 DEBUG [root]: failed to find '.ui-icon-caret-1-s' in html and js files
2024-03-25 04:22:39,312 DEBUG [root]: failed to find '.ui-icon-caret-1-sw' in html and js files
2024-03-25 04:22:39,320 DEBUG [root]: failed to find '.ui-icon-caret-1-w' in html and js files
2024-03-25 04:22:39,327 DEBUG [root]: failed to find '.ui-icon-caret-1-nw' in html and js files
2024-03-25 04:22:39,334 DEBUG [root]: failed to find '.ui-icon-caret-2-n-s' in html and js files
2024-03-25 04:22:39,343 DEBUG [root]: failed to find '.ui-icon-caret-2-e-w' in html and js files
2024-03-25 04:22:39,350 DEBUG [root]: failed to find '.ui-icon-triangle-1-n' in html and js files
2024-03-25 04:22:39,357 DEBUG [root]: failed to find '.ui-icon-triangle-1-ne' in html and js files
2024-03-25 04:22:39,364 DEBUG [root]: failed to find '.ui-icon-triangle-1-e' in html and js files
2024-03-25 04:22:39,372 DEBUG [root]: failed to find '.ui-icon-triangle-1-se' in html and js files
2024-03-25 04:22:39,379 DEBUG [root]: failed to find '.ui-icon-triangle-1-s' in html and js files
2024-03-25 04:22:39,386 DEBUG [root]: failed to find '.ui-icon-triangle-1-sw' in html and js files
2024-03-25 04:22:39,393 DEBUG [root]: failed to find '.ui-icon-triangle-1-w' in html and js files
2024-03-25 04:22:39,400 DEBUG [root]: failed to find '.ui-icon-triangle-1-nw' in html and js files
2024-03-25 04:22:39,408 DEBUG [root]: failed to find '.ui-icon-triangle-2-n-s' in html and js files
2024-03-25 04:22:39,415 DEBUG [root]: failed to find '.ui-icon-triangle-2-e-w' in html and js files
2024-03-25 04:22:39,422 DEBUG [root]: failed to find '.ui-icon-arrow-1-n' in html and js files
2024-03-25 04:22:39,430 DEBUG [root]: failed to find '.ui-icon-arrow-1-ne' in html and js files
2024-03-25 04:22:39,437 DEBUG [root]: failed to find '.ui-icon-arrow-1-e' in html and js files
2024-03-25 04:22:39,444 DEBUG [root]: failed to find '.ui-icon-arrow-1-se' in html and js files
2024-03-25 04:22:39,451 DEBUG [root]: failed to find '.ui-icon-arrow-1-s' in html and js files
2024-03-25 04:22:39,458 DEBUG [root]: failed to find '.ui-icon-arrow-1-sw' in html and js files
2024-03-25 04:22:39,465 DEBUG [root]: failed to find '.ui-icon-arrow-1-w' in html and js files
2024-03-25 04:22:39,472 DEBUG [root]: failed to find '.ui-icon-arrow-1-nw' in html and js files
2024-03-25 04:22:39,479 DEBUG [root]: failed to find '.ui-icon-arrow-2-n-s' in html and js files
2024-03-25 04:22:39,487 DEBUG [root]: failed to find '.ui-icon-arrow-2-ne-sw' in html and js files
2024-03-25 04:22:39,494 DEBUG [root]: failed to find '.ui-icon-arrow-2-e-w' in html and js files
2024-03-25 04:22:39,501 DEBUG [root]: failed to find '.ui-icon-arrow-2-se-nw' in html and js files
2024-03-25 04:22:39,508 DEBUG [root]: failed to find '.ui-icon-arrowstop-1-n' in html and js files
2024-03-25 04:22:39,516 DEBUG [root]: failed to find '.ui-icon-arrowstop-1-e' in html and js files
2024-03-25 04:22:39,523 DEBUG [root]: failed to find '.ui-icon-arrowstop-1-s' in html and js files
2024-03-25 04:22:39,530 DEBUG [root]: failed to find '.ui-icon-arrowstop-1-w' in html and js files
2024-03-25 04:22:39,538 DEBUG [root]: failed to find '.ui-icon-arrowthick-1-n' in html and js files
2024-03-25 04:22:39,545 DEBUG [root]: failed to find '.ui-icon-arrowthick-1-ne' in html and js files
2024-03-25 04:22:39,553 DEBUG [root]: failed to find '.ui-icon-arrowthick-1-e' in html and js files
2024-03-25 04:22:39,560 DEBUG [root]: failed to find '.ui-icon-arrowthick-1-se' in html and js files
2024-03-25 04:22:39,567 DEBUG [root]: failed to find '.ui-icon-arrowthick-1-s' in html and js files
2024-03-25 04:22:39,574 DEBUG [root]: failed to find '.ui-icon-arrowthick-1-sw' in html and js files
2024-03-25 04:22:39,582 DEBUG [root]: failed to find '.ui-icon-arrowthick-1-w' in html and js files
2024-03-25 04:22:39,589 DEBUG [root]: failed to find '.ui-icon-arrowthick-1-nw' in html and js files
2024-03-25 04:22:39,596 DEBUG [root]: failed to find '.ui-icon-arrowthick-2-n-s' in html and js files
2024-03-25 04:22:39,603 DEBUG [root]: failed to find '.ui-icon-arrowthick-2-ne-sw' in html and js files
2024-03-25 04:22:39,610 DEBUG [root]: failed to find '.ui-icon-arrowthick-2-e-w' in html and js files
2024-03-25 04:22:39,618 DEBUG [root]: failed to find '.ui-icon-arrowthick-2-se-nw' in html and js files
2024-03-25 04:22:39,626 DEBUG [root]: failed to find '.ui-icon-arrowthickstop-1-n' in html and js files
2024-03-25 04:22:39,635 DEBUG [root]: failed to find '.ui-icon-arrowthickstop-1-e' in html and js files
2024-03-25 04:22:39,642 DEBUG [root]: failed to find '.ui-icon-arrowthickstop-1-s' in html and js files
2024-03-25 04:22:39,650 DEBUG [root]: failed to find '.ui-icon-arrowthickstop-1-w' in html and js files
2024-03-25 04:22:39,658 DEBUG [root]: failed to find '.ui-icon-arrowreturnthick-1-w' in html and js files
2024-03-25 04:22:39,666 DEBUG [root]: failed to find '.ui-icon-arrowreturnthick-1-n' in html and js files
2024-03-25 04:22:39,673 DEBUG [root]: failed to find '.ui-icon-arrowreturnthick-1-e' in html and js files
2024-03-25 04:22:39,681 DEBUG [root]: failed to find '.ui-icon-arrowreturnthick-1-s' in html and js files
2024-03-25 04:22:39,689 DEBUG [root]: failed to find '.ui-icon-arrowreturn-1-w' in html and js files
2024-03-25 04:22:39,697 DEBUG [root]: failed to find '.ui-icon-arrowreturn-1-n' in html and js files
2024-03-25 04:22:39,704 DEBUG [root]: failed to find '.ui-icon-arrowreturn-1-e' in html and js files
2024-03-25 04:22:39,712 DEBUG [root]: failed to find '.ui-icon-arrowreturn-1-s' in html and js files
2024-03-25 04:22:39,720 DEBUG [root]: failed to find '.ui-icon-arrowrefresh-1-w' in html and js files
2024-03-25 04:22:39,727 DEBUG [root]: failed to find '.ui-icon-arrowrefresh-1-n' in html and js files
2024-03-25 04:22:39,735 DEBUG [root]: failed to find '.ui-icon-arrowrefresh-1-e' in html and js files
2024-03-25 04:22:39,743 DEBUG [root]: failed to find '.ui-icon-arrowrefresh-1-s' in html and js files
2024-03-25 04:22:39,751 DEBUG [root]: failed to find '.ui-icon-arrow-4' in html and js files
2024-03-25 04:22:39,759 DEBUG [root]: failed to find '.ui-icon-arrow-4-diag' in html and js files
2024-03-25 04:22:39,767 DEBUG [root]: failed to find '.ui-icon-extlink' in html and js files
2024-03-25 04:22:39,775 DEBUG [root]: failed to find '.ui-icon-newwin' in html and js files
2024-03-25 04:22:39,783 DEBUG [root]: failed to find '.ui-icon-refresh' in html and js files
2024-03-25 04:22:39,791 DEBUG [root]: failed to find '.ui-icon-shuffle' in html and js files
2024-03-25 04:22:39,799 DEBUG [root]: failed to find '.ui-icon-transfer-e-w' in html and js files
2024-03-25 04:22:39,807 DEBUG [root]: failed to find '.ui-icon-transferthick-e-w' in html and js files
2024-03-25 04:22:39,815 DEBUG [root]: failed to find '.ui-icon-folder-collapsed' in html and js files
2024-03-25 04:22:39,823 DEBUG [root]: failed to find '.ui-icon-folder-open' in html and js files
2024-03-25 04:22:39,830 DEBUG [root]: failed to find '.ui-icon-document' in html and js files
2024-03-25 04:22:39,838 DEBUG [root]: failed to find '.ui-icon-document-b' in html and js files
2024-03-25 04:22:39,846 DEBUG [root]: failed to find '.ui-icon-note' in html and js files
2024-03-25 04:22:39,854 DEBUG [root]: failed to find '.ui-icon-mail-closed' in html and js files
2024-03-25 04:22:39,862 DEBUG [root]: failed to find '.ui-icon-mail-open' in html and js files
2024-03-25 04:22:39,869 DEBUG [root]: failed to find '.ui-icon-suitcase' in html and js files
2024-03-25 04:22:39,877 DEBUG [root]: failed to find '.ui-icon-comment' in html and js files
2024-03-25 04:22:39,885 DEBUG [root]: failed to find '.ui-icon-person' in html and js files
2024-03-25 04:22:39,893 DEBUG [root]: failed to find '.ui-icon-print' in html and js files
2024-03-25 04:22:39,902 DEBUG [root]: failed to find '.ui-icon-trash' in html and js files
2024-03-25 04:22:39,910 DEBUG [root]: failed to find '.ui-icon-locked' in html and js files
2024-03-25 04:22:39,918 DEBUG [root]: failed to find '.ui-icon-unlocked' in html and js files
2024-03-25 04:22:39,926 DEBUG [root]: failed to find '.ui-icon-bookmark' in html and js files
2024-03-25 04:22:39,934 DEBUG [root]: failed to find '.ui-icon-tag' in html and js files
2024-03-25 04:22:39,942 DEBUG [root]: failed to find '.ui-icon-home' in html and js files
2024-03-25 04:22:39,950 DEBUG [root]: failed to find '.ui-icon-flag' in html and js files
2024-03-25 04:22:39,958 DEBUG [root]: failed to find '.ui-icon-calendar' in html and js files
2024-03-25 04:22:39,966 DEBUG [root]: failed to find '.ui-icon-cart' in html and js files
2024-03-25 04:22:39,974 DEBUG [root]: failed to find '.ui-icon-pencil' in html and js files
2024-03-25 04:22:39,982 DEBUG [root]: failed to find '.ui-icon-clock' in html and js files
2024-03-25 04:22:39,990 DEBUG [root]: failed to find '.ui-icon-disk' in html and js files
2024-03-25 04:22:39,997 DEBUG [root]: failed to find '.ui-icon-calculator' in html and js files
2024-03-25 04:22:40,005 DEBUG [root]: failed to find '.ui-icon-zoomin' in html and js files
2024-03-25 04:22:40,013 DEBUG [root]: failed to find '.ui-icon-zoomout' in html and js files
2024-03-25 04:22:40,021 DEBUG [root]: failed to find '.ui-icon-search' in html and js files
2024-03-25 04:22:40,028 DEBUG [root]: failed to find '.ui-icon-wrench' in html and js files
2024-03-25 04:22:40,036 DEBUG [root]: failed to find '.ui-icon-gear' in html and js files
2024-03-25 04:22:40,044 DEBUG [root]: failed to find '.ui-icon-heart' in html and js files
2024-03-25 04:22:40,052 DEBUG [root]: failed to find '.ui-icon-star' in html and js files
2024-03-25 04:22:40,060 DEBUG [root]: failed to find '.ui-icon-link' in html and js files
2024-03-25 04:22:40,068 DEBUG [root]: failed to find '.ui-icon-cancel' in html and js files
2024-03-25 04:22:40,076 DEBUG [root]: failed to find '.ui-icon-plus' in html and js files
2024-03-25 04:22:40,084 DEBUG [root]: failed to find '.ui-icon-plusthick' in html and js files
2024-03-25 04:22:40,092 DEBUG [root]: failed to find '.ui-icon-minus' in html and js files
2024-03-25 04:22:40,099 DEBUG [root]: failed to find '.ui-icon-minusthick' in html and js files
2024-03-25 04:22:40,108 DEBUG [root]: failed to find '.ui-icon-close' in html and js files
2024-03-25 04:22:40,115 DEBUG [root]: failed to find '.ui-icon-closethick' in html and js files
2024-03-25 04:22:40,123 DEBUG [root]: failed to find '.ui-icon-key' in html and js files
2024-03-25 04:22:40,131 DEBUG [root]: failed to find '.ui-icon-lightbulb' in html and js files
2024-03-25 04:22:40,138 DEBUG [root]: failed to find '.ui-icon-scissors' in html and js files
2024-03-25 04:22:40,146 DEBUG [root]: failed to find '.ui-icon-clipboard' in html and js files
2024-03-25 04:22:40,154 DEBUG [root]: failed to find '.ui-icon-copy' in html and js files
2024-03-25 04:22:40,162 DEBUG [root]: failed to find '.ui-icon-contact' in html and js files
2024-03-25 04:22:40,171 DEBUG [root]: failed to find '.ui-icon-image' in html and js files
2024-03-25 04:22:40,180 DEBUG [root]: failed to find '.ui-icon-video' in html and js files
2024-03-25 04:22:40,188 DEBUG [root]: failed to find '.ui-icon-script' in html and js files
2024-03-25 04:22:40,197 DEBUG [root]: failed to find '.ui-icon-alert' in html and js files
2024-03-25 04:22:40,206 DEBUG [root]: failed to find '.ui-icon-info' in html and js files
2024-03-25 04:22:40,215 DEBUG [root]: failed to find '.ui-icon-notice' in html and js files
2024-03-25 04:22:40,223 DEBUG [root]: failed to find '.ui-icon-help' in html and js files
2024-03-25 04:22:40,232 DEBUG [root]: failed to find '.ui-icon-check' in html and js files
2024-03-25 04:22:40,240 DEBUG [root]: failed to find '.ui-icon-bullet' in html and js files
2024-03-25 04:22:40,248 DEBUG [root]: failed to find '.ui-icon-radio-on' in html and js files
2024-03-25 04:22:40,256 DEBUG [root]: failed to find '.ui-icon-radio-off' in html and js files
2024-03-25 04:22:40,264 DEBUG [root]: failed to find '.ui-icon-pin-w' in html and js files
2024-03-25 04:22:40,272 DEBUG [root]: failed to find '.ui-icon-pin-s' in html and js files
2024-03-25 04:22:40,280 DEBUG [root]: failed to find '.ui-icon-play' in html and js files
2024-03-25 04:22:40,288 DEBUG [root]: failed to find '.ui-icon-pause' in html and js files
2024-03-25 04:22:40,297 DEBUG [root]: failed to find '.ui-icon-seek-next' in html and js files
2024-03-25 04:22:40,306 DEBUG [root]: failed to find '.ui-icon-seek-prev' in html and js files
2024-03-25 04:22:40,314 DEBUG [root]: failed to find '.ui-icon-seek-end' in html and js files
2024-03-25 04:22:40,322 DEBUG [root]: failed to find '.ui-icon-seek-start' in html and js files
2024-03-25 04:22:40,330 DEBUG [root]: failed to find '.ui-icon-seek-first' in html and js files
2024-03-25 04:22:40,339 DEBUG [root]: failed to find '.ui-icon-stop' in html and js files
2024-03-25 04:22:40,348 DEBUG [root]: failed to find '.ui-icon-eject' in html and js files
2024-03-25 04:22:40,356 DEBUG [root]: failed to find '.ui-icon-volume-off' in html and js files
2024-03-25 04:22:40,363 DEBUG [root]: failed to find '.ui-icon-volume-on' in html and js files
2024-03-25 04:22:40,372 DEBUG [root]: failed to find '.ui-icon-power' in html and js files
2024-03-25 04:22:40,380 DEBUG [root]: failed to find '.ui-icon-signal-diag' in html and js files
2024-03-25 04:22:40,388 DEBUG [root]: failed to find '.ui-icon-signal' in html and js files
2024-03-25 04:22:40,397 DEBUG [root]: failed to find '.ui-icon-battery-0' in html and js files
2024-03-25 04:22:40,405 DEBUG [root]: failed to find '.ui-icon-battery-1' in html and js files
2024-03-25 04:22:40,413 DEBUG [root]: failed to find '.ui-icon-battery-2' in html and js files
2024-03-25 04:22:40,421 DEBUG [root]: failed to find '.ui-icon-battery-3' in html and js files
2024-03-25 04:22:40,429 DEBUG [root]: failed to find '.ui-icon-circle-plus' in html and js files
2024-03-25 04:22:40,437 DEBUG [root]: failed to find '.ui-icon-circle-minus' in html and js files
2024-03-25 04:22:40,445 DEBUG [root]: failed to find '.ui-icon-circle-close' in html and js files
2024-03-25 04:22:40,453 DEBUG [root]: failed to find '.ui-icon-circle-triangle-e' in html and js files
2024-03-25 04:22:40,461 DEBUG [root]: failed to find '.ui-icon-circle-triangle-s' in html and js files
2024-03-25 04:22:40,469 DEBUG [root]: failed to find '.ui-icon-circle-triangle-w' in html and js files
2024-03-25 04:22:40,477 DEBUG [root]: failed to find '.ui-icon-circle-triangle-n' in html and js files
2024-03-25 04:22:40,484 DEBUG [root]: failed to find '.ui-icon-circle-arrow-e' in html and js files
2024-03-25 04:22:40,492 DEBUG [root]: failed to find '.ui-icon-circle-arrow-s' in html and js files
2024-03-25 04:22:40,500 DEBUG [root]: failed to find '.ui-icon-circle-arrow-w' in html and js files
2024-03-25 04:22:40,508 DEBUG [root]: failed to find '.ui-icon-circle-arrow-n' in html and js files
2024-03-25 04:22:40,516 DEBUG [root]: failed to find '.ui-icon-circle-zoomin' in html and js files
2024-03-25 04:22:40,523 DEBUG [root]: failed to find '.ui-icon-circle-zoomout' in html and js files
2024-03-25 04:22:40,531 DEBUG [root]: failed to find '.ui-icon-circle-check' in html and js files
2024-03-25 04:22:40,539 DEBUG [root]: failed to find '.ui-icon-circlesmall-plus' in html and js files
2024-03-25 04:22:40,547 DEBUG [root]: failed to find '.ui-icon-circlesmall-minus' in html and js files
2024-03-25 04:22:40,555 DEBUG [root]: failed to find '.ui-icon-circlesmall-close' in html and js files
2024-03-25 04:22:40,562 DEBUG [root]: failed to find '.ui-icon-squaresmall-plus' in html and js files
2024-03-25 04:22:40,570 DEBUG [root]: failed to find '.ui-icon-squaresmall-minus' in html and js files
2024-03-25 04:22:40,579 DEBUG [root]: failed to find '.ui-icon-squaresmall-close' in html and js files
2024-03-25 04:22:40,587 DEBUG [root]: failed to find '.ui-icon-grip-dotted-vertical' in html and js files
2024-03-25 04:22:40,595 DEBUG [root]: failed to find '.ui-icon-grip-dotted-horizontal' in html and js files
2024-03-25 04:22:40,603 DEBUG [root]: failed to find '.ui-icon-grip-solid-vertical' in html and js files
2024-03-25 04:22:40,611 DEBUG [root]: failed to find '.ui-icon-grip-solid-horizontal' in html and js files
2024-03-25 04:22:40,618 DEBUG [root]: failed to find '.ui-icon-gripsmall-diagonal-se' in html and js files
2024-03-25 04:22:40,626 DEBUG [root]: failed to find '.ui-icon-grip-diagonal-se' in html and js files
2024-03-25 04:22:40,634 DEBUG [root]: failed to find '.ui-corner-all' in html and js files
2024-03-25 04:22:40,642 DEBUG [root]: failed to find '.ui-corner-top' in html and js files
2024-03-25 04:22:40,650 DEBUG [root]: failed to find '.ui-corner-left' in html and js files
2024-03-25 04:22:40,659 DEBUG [root]: failed to find '.ui-corner-tl' in html and js files
2024-03-25 04:22:40,669 DEBUG [root]: failed to find '.ui-corner-all' in html and js files
2024-03-25 04:22:40,678 DEBUG [root]: failed to find '.ui-corner-top' in html and js files
2024-03-25 04:22:40,687 DEBUG [root]: failed to find '.ui-corner-right' in html and js files
2024-03-25 04:22:40,696 DEBUG [root]: failed to find '.ui-corner-tr' in html and js files
2024-03-25 04:22:40,705 DEBUG [root]: failed to find '.ui-corner-all' in html and js files
2024-03-25 04:22:40,713 DEBUG [root]: failed to find '.ui-corner-bottom' in html and js files
2024-03-25 04:22:40,721 DEBUG [root]: failed to find '.ui-corner-left' in html and js files
2024-03-25 04:22:40,729 DEBUG [root]: failed to find '.ui-corner-bl' in html and js files
2024-03-25 04:22:40,737 DEBUG [root]: failed to find '.ui-corner-all' in html and js files
2024-03-25 04:22:40,745 DEBUG [root]: failed to find '.ui-corner-bottom' in html and js files
2024-03-25 04:22:40,753 DEBUG [root]: failed to find '.ui-corner-right' in html and js files
2024-03-25 04:22:40,761 DEBUG [root]: failed to find '.ui-corner-br' in html and js files
2024-03-25 04:22:40,769 DEBUG [root]: failed to find '.ui-widget-overlay' in html and js files
2024-03-25 04:22:40,777 DEBUG [root]: failed to find '.ui-widget-shadow' in html and js files
2024-03-25 04:22:40,805 DEBUG [root]: processing '../public/jquery/jquery-ui.structure.css' ...
2024-03-25 04:22:40,839 DEBUG [root]: failed to find '.ui-helper-reset' in html and js files
2024-03-25 04:22:40,847 DEBUG [root]: failed to find '.ui-helper-clearfix' in html and js files
2024-03-25 04:22:40,855 DEBUG [root]: failed to find '.ui-helper-clearfix' in html and js files
2024-03-25 04:22:40,863 DEBUG [root]: failed to find '.ui-helper-clearfix' in html and js files
2024-03-25 04:22:40,871 DEBUG [root]: failed to find '.ui-helper-zfix' in html and js files
2024-03-25 04:22:40,901 DEBUG [root]: failed to find '.ui-widget-icon-block' in html and js files
2024-03-25 04:22:40,909 DEBUG [root]: failed to find '.ui-widget-overlay' in html and js files
2024-03-25 04:22:40,931 DEBUG [root]: failed to find '.ui-menu .ui-menu' in html and js files
2024-03-25 04:22:40,939 DEBUG [root]: failed to find '.ui-menu .ui-menu-item' in html and js files
2024-03-25 04:22:40,947 DEBUG [root]: failed to find '.ui-menu .ui-menu-item-wrapper' in html and js files
2024-03-25 04:22:40,954 DEBUG [root]: failed to find '.ui-menu .ui-menu-divider' in html and js files
2024-03-25 04:22:40,963 DEBUG [root]: failed to find '.ui-menu .ui-state-focus' in html and js files
2024-03-25 04:22:40,971 DEBUG [root]: failed to find '.ui-menu .ui-state-active' in html and js files
2024-03-25 04:22:40,986 DEBUG [root]: failed to find '.ui-menu-icons .ui-menu-item-wrapper' in html and js files
2024-03-25 04:22:40,995 DEBUG [root]: failed to find '.ui-menu .ui-icon' in html and js files
2024-03-25 04:22:41,005 DEBUG [root]: failed to find '.ui-menu .ui-menu-icon' in html and js files
2024-03-25 04:22:41,008 INFO [root]: removed 510 of 697 css rules
2024-03-25 04:22:41,056 DEBUG [root]: found "15" js file(s)
2024-03-25 04:22:41,069 DEBUG [root]: ignored '../public/jquery/jquery-ui.min.js' -> already minified
2024-03-25 04:22:41,090 DEBUG [root]: ignored '../public/jquery/jszip-utils/dist/jszip-utils-ie.min.js' -> already minified
2024-03-25 04:22:41,090 DEBUG [root]: ignored '../public/jquery/jszip-utils/dist/jszip-utils.min.js' -> already minified
2024-03-25 04:22:41,215 DEBUG [root]: ignored '../public/jquery/jszip/dist/jszip.min.js' -> already minified
2024-03-25 04:22:41,430 DEBUG [root]: found "5" css file(s)
2024-03-25 04:22:41,431 DEBUG [root]: ignored '../public/jquery/jquery-ui.structure.min.css' -> already minified
2024-03-25 04:22:41,431 DEBUG [root]: ignored '../public/jquery/jquery-ui.min.css' -> already minified
